time="2024-08-07T13:11:38+05:00" level=info msg="logger initialized" func="main.go:28" file="main.main()"
time="2024-08-07T13:11:38+05:00" level=info msg="config initializing" func="main.go:30" file="main.main()"
time="2024-08-07T13:11:38+05:00" level=info msg="read application config" func="config.go:41" file="github.com/senizdegen/sdu-housing/api-gateway/internal/config.GetConfig.func1()"
time="2024-08-07T13:11:38+05:00" level=info msg="cfg: &{0xc000116a0d {q1w2e3r4t5y6} {port 0.0.0.0 10000} {http://localhost:10001/api} {http://localhost:10002/api}}" func="main.go:33" file="main.main()"
time="2024-08-07T13:11:38+05:00" level=info msg="router intializing" func="main.go:35" file="main.main()"
time="2024-08-07T13:11:38+05:00" level=info msg="cache initializing" func="main.go:38" file="main.main()"
time="2024-08-07T13:11:38+05:00" level=info msg="helpers initializing" func="main.go:41" file="main.main()"
time="2024-08-07T13:11:38+05:00" level=info msg="create and register handlers" func="main.go:44" file="main.main()"
time="2024-08-07T13:11:38+05:00" level=info msg="bind application to host: 0.0.0.0 and port: 10000" func="main.go:74" file="main.start()"
time="2024-08-07T13:11:38+05:00" level=info msg="application initialized and started" func="main.go:93" file="main.start()"
time="2024-08-07T13:12:08+05:00" level=debug msg="build url with resource and filter" func="service.go:128" file="github.com/senizdegen/sdu-housing/api-gateway/internal/client/user_service.(*client).Create()"
time="2024-08-07T13:12:08+05:00" level=trace msg="url: http://localhost:10001/api/users" func="service.go:133" file="github.com/senizdegen/sdu-housing/api-gateway/internal/client/user_service.(*client).Create()"
time="2024-08-07T13:12:08+05:00" level=debug msg="convert dto to map" func="service.go:135" file="github.com/senizdegen/sdu-housing/api-gateway/internal/client/user_service.(*client).Create()"
time="2024-08-07T13:12:08+05:00" level=debug msg="marshal map to bytes" func="service.go:139" file="github.com/senizdegen/sdu-housing/api-gateway/internal/client/user_service.(*client).Create()"
time="2024-08-07T13:12:08+05:00" level=debug msg="create new request" func="service.go:145" file="github.com/senizdegen/sdu-housing/api-gateway/internal/client/user_service.(*client).Create()"
time="2024-08-07T13:12:08+05:00" level=debug msg="send request" func="service.go:151" file="github.com/senizdegen/sdu-housing/api-gateway/internal/client/user_service.(*client).Create()"
time="2024-08-07T13:12:08+05:00" level=debug msg="{{\"password\":\"dos\",\"phone_number\":\"87781734309\",\"repeat_password\":\"dos\"}}" func="service.go:152" file="github.com/senizdegen/sdu-housing/api-gateway/internal/client/user_service.(*client).Create()"
time="2024-08-07T13:12:08+05:00" level=debug msg="parse location header" func="service.go:166" file="github.com/senizdegen/sdu-housing/api-gateway/internal/client/user_service.(*client).Create()"
time="2024-08-07T13:12:08+05:00" level=trace msg="Location: http://localhost:10001/api/users/66b32c58202c0d1343c4fabf" func="service.go:171" file="github.com/senizdegen/sdu-housing/api-gateway/internal/client/user_service.(*client).Create()"
time="2024-08-07T13:12:08+05:00" level=debug msg="build url with resource and filter" func="service.go:92" file="github.com/senizdegen/sdu-housing/api-gateway/internal/client/user_service.(*client).GetByUUID()"
time="2024-08-07T13:12:08+05:00" level=trace msg="url: http://localhost:10001/api/users/66b32c58202c0d1343c4fabf" func="service.go:97" file="github.com/senizdegen/sdu-housing/api-gateway/internal/client/user_service.(*client).GetByUUID()"
time="2024-08-07T13:12:08+05:00" level=debug msg="create new request" func="service.go:99" file="github.com/senizdegen/sdu-housing/api-gateway/internal/client/user_service.(*client).GetByUUID()"
time="2024-08-07T13:12:08+05:00" level=debug msg="send request" func="service.go:105" file="github.com/senizdegen/sdu-housing/api-gateway/internal/client/user_service.(*client).GetByUUID()"
time="2024-08-07T13:12:19+05:00" level=debug msg="add phone number and password to filter options" func="service.go:44" file="github.com/senizdegen/sdu-housing/api-gateway/internal/client/user_service.(*client).GetByPhoneNumberAndPassword()"
time="2024-08-07T13:12:19+05:00" level=debug msg="build url with resource and filter" func="service.go:56" file="github.com/senizdegen/sdu-housing/api-gateway/internal/client/user_service.(*client).GetByPhoneNumberAndPassword()"
time="2024-08-07T13:12:19+05:00" level=trace msg="url: http://localhost:10001/api/users?password=dos&phone_number=87781734309" func="service.go:62" file="github.com/senizdegen/sdu-housing/api-gateway/internal/client/user_service.(*client).GetByPhoneNumberAndPassword()"
time="2024-08-07T13:12:19+05:00" level=debug msg="create new request" func="service.go:64" file="github.com/senizdegen/sdu-housing/api-gateway/internal/client/user_service.(*client).GetByPhoneNumberAndPassword()"
time="2024-08-07T13:12:19+05:00" level=debug msg="send request" func="service.go:70" file="github.com/senizdegen/sdu-housing/api-gateway/internal/client/user_service.(*client).GetByPhoneNumberAndPassword()"
time="2024-08-07T13:12:32+05:00" level=info msg="Caught signal interrupt. Shutting down..." func="shutdown.go:17" file="github.com/senizdegen/sdu-housing/api-gateway/pkg/shutdown.Graceful()"
time="2024-08-07T13:12:32+05:00" level=warning msg="server shutdown" func="main.go:98" file="main.start()"
time="2024-08-07T13:13:29+05:00" level=info msg="logger initialized" func="main.go:28" file="main.main()"
time="2024-08-07T13:13:29+05:00" level=info msg="config initializing" func="main.go:30" file="main.main()"
time="2024-08-07T13:13:29+05:00" level=info msg="read application config" func="config.go:41" file="github.com/senizdegen/sdu-housing/api-gateway/internal/config.GetConfig.func1()"
time="2024-08-07T13:13:29+05:00" level=info msg="cfg: &{0xc00000ab0d {q1w2e3r4t5y6} {port 0.0.0.0 10000} {http://localhost:10001/api} {http://localhost:10002/api}}" func="main.go:33" file="main.main()"
time="2024-08-07T13:13:29+05:00" level=info msg="router intializing" func="main.go:35" file="main.main()"
time="2024-08-07T13:13:29+05:00" level=info msg="cache initializing" func="main.go:38" file="main.main()"
time="2024-08-07T13:13:29+05:00" level=info msg="helpers initializing" func="main.go:41" file="main.main()"
time="2024-08-07T13:13:29+05:00" level=info msg="create and register handlers" func="main.go:44" file="main.main()"
time="2024-08-07T13:13:29+05:00" level=info msg="bind application to host: 0.0.0.0 and port: 10000" func="main.go:74" file="main.start()"
time="2024-08-07T13:13:29+05:00" level=info msg="application initialized and started" func="main.go:93" file="main.start()"
time="2024-08-07T13:13:32+05:00" level=debug msg="add phone number and password to filter options" func="service.go:44" file="github.com/senizdegen/sdu-housing/api-gateway/internal/client/user_service.(*client).GetByPhoneNumberAndPassword()"
time="2024-08-07T13:13:32+05:00" level=debug msg="build url with resource and filter" func="service.go:56" file="github.com/senizdegen/sdu-housing/api-gateway/internal/client/user_service.(*client).GetByPhoneNumberAndPassword()"
time="2024-08-07T13:13:32+05:00" level=trace msg="url: http://localhost:10001/api/users?password=dos&phone_number=87781734309" func="service.go:62" file="github.com/senizdegen/sdu-housing/api-gateway/internal/client/user_service.(*client).GetByPhoneNumberAndPassword()"
time="2024-08-07T13:13:32+05:00" level=debug msg="create new request" func="service.go:64" file="github.com/senizdegen/sdu-housing/api-gateway/internal/client/user_service.(*client).GetByPhoneNumberAndPassword()"
time="2024-08-07T13:13:32+05:00" level=debug msg="send request" func="service.go:70" file="github.com/senizdegen/sdu-housing/api-gateway/internal/client/user_service.(*client).GetByPhoneNumberAndPassword()"
time="2024-08-07T13:14:23+05:00" level=info msg="Caught signal interrupt. Shutting down..." func="shutdown.go:17" file="github.com/senizdegen/sdu-housing/api-gateway/pkg/shutdown.Graceful()"
time="2024-08-07T13:14:23+05:00" level=warning msg="server shutdown" func="main.go:98" file="main.start()"
time="2024-08-07T13:14:26+05:00" level=info msg="logger initialized" func="main.go:28" file="main.main()"
time="2024-08-07T13:14:26+05:00" level=info msg="config initializing" func="main.go:30" file="main.main()"
time="2024-08-07T13:14:26+05:00" level=info msg="read application config" func="config.go:41" file="github.com/senizdegen/sdu-housing/api-gateway/internal/config.GetConfig.func1()"
time="2024-08-07T13:14:26+05:00" level=info msg="cfg: &{0xc00000ab0d {q1w2e3r4t5y6} {port 0.0.0.0 10000} {http://localhost:10001/api} {http://localhost:10002/api}}" func="main.go:33" file="main.main()"
time="2024-08-07T13:14:26+05:00" level=info msg="router intializing" func="main.go:35" file="main.main()"
time="2024-08-07T13:14:26+05:00" level=info msg="cache initializing" func="main.go:38" file="main.main()"
time="2024-08-07T13:14:26+05:00" level=info msg="helpers initializing" func="main.go:41" file="main.main()"
time="2024-08-07T13:14:26+05:00" level=info msg="create and register handlers" func="main.go:44" file="main.main()"
time="2024-08-07T13:14:26+05:00" level=info msg="bind application to host: 0.0.0.0 and port: 10000" func="main.go:74" file="main.start()"
time="2024-08-07T13:14:26+05:00" level=info msg="application initialized and started" func="main.go:93" file="main.start()"
time="2024-08-07T13:14:29+05:00" level=debug msg="add phone number and password to filter options" func="service.go:44" file="github.com/senizdegen/sdu-housing/api-gateway/internal/client/user_service.(*client).GetByPhoneNumberAndPassword()"
time="2024-08-07T13:14:29+05:00" level=debug msg="build url with resource and filter" func="service.go:56" file="github.com/senizdegen/sdu-housing/api-gateway/internal/client/user_service.(*client).GetByPhoneNumberAndPassword()"
time="2024-08-07T13:14:29+05:00" level=trace msg="url: http://localhost:10001/api/users?password=dos&phone_number=87781734309" func="service.go:62" file="github.com/senizdegen/sdu-housing/api-gateway/internal/client/user_service.(*client).GetByPhoneNumberAndPassword()"
time="2024-08-07T13:14:29+05:00" level=debug msg="create new request" func="service.go:64" file="github.com/senizdegen/sdu-housing/api-gateway/internal/client/user_service.(*client).GetByPhoneNumberAndPassword()"
time="2024-08-07T13:14:29+05:00" level=debug msg="send request" func="service.go:70" file="github.com/senizdegen/sdu-housing/api-gateway/internal/client/user_service.(*client).GetByPhoneNumberAndPassword()"
time="2024-08-07T13:14:29+05:00" level=debug msg="&{true 0xc006720630 {  }}" func="service.go:84" file="github.com/senizdegen/sdu-housing/api-gateway/internal/client/user_service.(*client).GetByPhoneNumberAndPassword()"
time="2024-08-07T13:14:47+05:00" level=info msg="Caught signal interrupt. Shutting down..." func="shutdown.go:17" file="github.com/senizdegen/sdu-housing/api-gateway/pkg/shutdown.Graceful()"
time="2024-08-07T13:14:47+05:00" level=warning msg="server shutdown" func="main.go:98" file="main.start()"
